<?xml version="1.0" encoding="utf-8"?><testsuites><testsuite time="0" tests="17" skipped="0" errors="15" failures="0" package="net.csslint" name="E:\Stratus\dist\Res\_CSS\ie8.css"><testcase time="0" name="net.csslint.Requirestandardpropertywithvendorprefix"><error message="Standard property 'box-sizing' should come after vendor-prefixed property '-webkit-box-sizing'."><![CDATA[148:3:  -webkit-box-sizing: content-box; }]]></error></testcase><testcase time="0" name="net.csslint.Requireuseofknownproperties"><error message="Expected (&lt;length&gt; | &lt;percentage&gt; | &lt;content-sizing&gt; | auto | inherit) but found 'device-width'."><![CDATA[166:3:  width: device-width; }]]></error></testcase><testcase time="0" name="net.csslint.ParsingErrors"><error message="Unknown @ rule: @-o-viewport."><![CDATA[168:1:@-o-viewport {]]></error></testcase><testcase time="0" name="net.csslint.Disallowunitsfor0values"><error message="Values of 0 shouldn't have units specified."><![CDATA[400:17:  padding: 30px 0px 50px 0px; }]]></error></testcase><testcase time="0" name="net.csslint.Disallowunitsfor0values"><error message="Values of 0 shouldn't have units specified."><![CDATA[400:26:  padding: 30px 0px 50px 0px; }]]></error></testcase><testcase time="0" name="net.csslint.Disallowunitsfor0values"><error message="Values of 0 shouldn't have units specified."><![CDATA[404:14:    padding: 0px 10px 0px 10px;]]></error></testcase><testcase time="0" name="net.csslint.Disallowunitsfor0values"><error message="Values of 0 shouldn't have units specified."><![CDATA[404:23:    padding: 0px 10px 0px 10px;]]></error></testcase><testcase time="0" name="net.csslint.Disallowunitsfor0values"><error message="Values of 0 shouldn't have units specified."><![CDATA[421:14:    padding: 0px 10px 0px 10px;]]></error></testcase><testcase time="0" name="net.csslint.Disallowunitsfor0values"><error message="Values of 0 shouldn't have units specified."><![CDATA[421:23:    padding: 0px 10px 0px 10px;]]></error></testcase><testcase time="0" name="net.csslint.Disallowunitsfor0values"><error message="Values of 0 shouldn't have units specified."><![CDATA[492:30:  background-position: -87px 0px;]]></error></testcase><testcase time="0" name="net.csslint.Disallowunitsfor0values"><error message="Values of 0 shouldn't have units specified."><![CDATA[516:9:  left: 0px;]]></error></testcase><testcase time="0" name="net.csslint.Disallowunitsfor0values"><error message="Values of 0 shouldn't have units specified."><![CDATA[572:31:  background-position: -342px 0px;]]></error></testcase><testcase time="0" name="net.csslint.Disallowunitsfor0values"><error message="Values of 0 shouldn't have units specified."><![CDATA[762:27:        margin: 10px 10px 0px 10px; }]]></error></testcase><testcase time="0" name="net.csslint.Disallowoverqualifiedelements"><error message="Element (span.callout-link-icons) is overqualified, just use .callout-link-icons without element name."><![CDATA[782:31:      .callout .img-wrapper a span.callout-link-icons {]]></error></testcase><testcase time="0" name="net.csslint.Disallowunitsfor0values"><error message="Values of 0 shouldn't have units specified."><![CDATA[784:30:        background-position: 0px -62px;]]></error></testcase></testsuite><testsuite time="0" tests="17" skipped="0" errors="15" failures="0" package="net.csslint" name="E:\Stratus\dist\Res\_CSS\styles.css"><testcase time="0" name="net.csslint.Requirestandardpropertywithvendorprefix"><error message="Standard property 'box-sizing' should come after vendor-prefixed property '-webkit-box-sizing'."><![CDATA[148:3:  -webkit-box-sizing: content-box; }]]></error></testcase><testcase time="0" name="net.csslint.Requireuseofknownproperties"><error message="Expected (&lt;length&gt; | &lt;percentage&gt; | &lt;content-sizing&gt; | auto | inherit) but found 'device-width'."><![CDATA[166:3:  width: device-width; }]]></error></testcase><testcase time="0" name="net.csslint.ParsingErrors"><error message="Unknown @ rule: @-o-viewport."><![CDATA[168:1:@-o-viewport {]]></error></testcase><testcase time="0" name="net.csslint.Disallowunitsfor0values"><error message="Values of 0 shouldn't have units specified."><![CDATA[400:17:  padding: 30px 0px 50px 0px; }]]></error></testcase><testcase time="0" name="net.csslint.Disallowunitsfor0values"><error message="Values of 0 shouldn't have units specified."><![CDATA[400:26:  padding: 30px 0px 50px 0px; }]]></error></testcase><testcase time="0" name="net.csslint.Disallowunitsfor0values"><error message="Values of 0 shouldn't have units specified."><![CDATA[404:14:    padding: 0px 10px 0px 10px;]]></error></testcase><testcase time="0" name="net.csslint.Disallowunitsfor0values"><error message="Values of 0 shouldn't have units specified."><![CDATA[404:23:    padding: 0px 10px 0px 10px;]]></error></testcase><testcase time="0" name="net.csslint.Disallowunitsfor0values"><error message="Values of 0 shouldn't have units specified."><![CDATA[421:14:    padding: 0px 10px 0px 10px;]]></error></testcase><testcase time="0" name="net.csslint.Disallowunitsfor0values"><error message="Values of 0 shouldn't have units specified."><![CDATA[421:23:    padding: 0px 10px 0px 10px;]]></error></testcase><testcase time="0" name="net.csslint.Disallowunitsfor0values"><error message="Values of 0 shouldn't have units specified."><![CDATA[492:30:  background-position: -87px 0px;]]></error></testcase><testcase time="0" name="net.csslint.Disallowunitsfor0values"><error message="Values of 0 shouldn't have units specified."><![CDATA[516:9:  left: 0px;]]></error></testcase><testcase time="0" name="net.csslint.Disallowunitsfor0values"><error message="Values of 0 shouldn't have units specified."><![CDATA[572:31:  background-position: -342px 0px;]]></error></testcase><testcase time="0" name="net.csslint.Disallowunitsfor0values"><error message="Values of 0 shouldn't have units specified."><![CDATA[762:27:        margin: 10px 10px 0px 10px; }]]></error></testcase><testcase time="0" name="net.csslint.Disallowoverqualifiedelements"><error message="Element (span.callout-link-icons) is overqualified, just use .callout-link-icons without element name."><![CDATA[782:31:      .callout .img-wrapper a span.callout-link-icons {]]></error></testcase><testcase time="0" name="net.csslint.Disallowunitsfor0values"><error message="Values of 0 shouldn't have units specified."><![CDATA[784:30:        background-position: 0px -62px;]]></error></testcase></testsuite></testsuites>